<?xml version="1.0" encoding="UTF-8"?>
<testsuite xmlns:xsi="http://www.w3.org/2001/XMLSchema-instance" xsi:noNamespaceSchemaLocation="https://maven.apache.org/surefire/maven-surefire-plugin/xsd/surefire-test-report-3.0.xsd" version="3.0" name="ThirdSemesterExercises.Backend.Week7Year2024.Day2.Exercise3.PointDAOTest" time="20.112" tests="1" errors="0" skipped="0" failures="0">
  <properties>
    <property name="java.specification.version" value="17"/>
    <property name="sun.cpu.isalist" value="amd64"/>
    <property name="sun.jnu.encoding" value="Cp1252"/>
    <property name="java.class.path" value="C:\Users\baban\OneDrive\Skrivebord\Datamatiker\3 Tredje Semester\ThirdSemesterExercises\target\test-classes;C:\Users\baban\OneDrive\Skrivebord\Datamatiker\3 Tredje Semester\ThirdSemesterExercises\target\classes;C:\Users\baban\.m2\repository\org\postgresql\postgresql\42.6.0\postgresql-42.6.0.jar;C:\Users\baban\.m2\repository\org\checkerframework\checker-qual\3.31.0\checker-qual-3.31.0.jar;C:\Users\baban\.m2\repository\org\hibernate\orm\hibernate-core\6.2.4.Final\hibernate-core-6.2.4.Final.jar;C:\Users\baban\.m2\repository\jakarta\persistence\jakarta.persistence-api\3.1.0\jakarta.persistence-api-3.1.0.jar;C:\Users\baban\.m2\repository\jakarta\transaction\jakarta.transaction-api\2.0.1\jakarta.transaction-api-2.0.1.jar;C:\Users\baban\.m2\repository\org\jboss\logging\jboss-logging\3.5.0.Final\jboss-logging-3.5.0.Final.jar;C:\Users\baban\.m2\repository\org\hibernate\common\hibernate-commons-annotations\6.0.6.Final\hibernate-commons-annotations-6.0.6.Final.jar;C:\Users\baban\.m2\repository\io\smallrye\jandex\3.0.5\jandex-3.0.5.jar;C:\Users\baban\.m2\repository\com\fasterxml\classmate\1.5.1\classmate-1.5.1.jar;C:\Users\baban\.m2\repository\net\bytebuddy\byte-buddy\1.12.18\byte-buddy-1.12.18.jar;C:\Users\baban\.m2\repository\jakarta\xml\bind\jakarta.xml.bind-api\4.0.0\jakarta.xml.bind-api-4.0.0.jar;C:\Users\baban\.m2\repository\jakarta\activation\jakarta.activation-api\2.1.0\jakarta.activation-api-2.1.0.jar;C:\Users\baban\.m2\repository\org\glassfish\jaxb\jaxb-runtime\4.0.2\jaxb-runtime-4.0.2.jar;C:\Users\baban\.m2\repository\org\glassfish\jaxb\jaxb-core\4.0.2\jaxb-core-4.0.2.jar;C:\Users\baban\.m2\repository\org\eclipse\angus\angus-activation\2.0.0\angus-activation-2.0.0.jar;C:\Users\baban\.m2\repository\org\glassfish\jaxb\txw2\4.0.2\txw2-4.0.2.jar;C:\Users\baban\.m2\repository\com\sun\istack\istack-commons-runtime\4.1.1\istack-commons-runtime-4.1.1.jar;C:\Users\baban\.m2\repository\jakarta\inject\jakarta.inject-api\2.0.1\jakarta.inject-api-2.0.1.jar;C:\Users\baban\.m2\repository\org\antlr\antlr4-runtime\4.10.1\antlr4-runtime-4.10.1.jar;C:\Users\baban\.m2\repository\org\projectlombok\lombok\1.18.28\lombok-1.18.28.jar;C:\Users\baban\.m2\repository\org\junit\jupiter\junit-jupiter-api\5.9.1\junit-jupiter-api-5.9.1.jar;C:\Users\baban\.m2\repository\org\opentest4j\opentest4j\1.2.0\opentest4j-1.2.0.jar;C:\Users\baban\.m2\repository\org\junit\platform\junit-platform-commons\1.9.1\junit-platform-commons-1.9.1.jar;C:\Users\baban\.m2\repository\org\apiguardian\apiguardian-api\1.1.2\apiguardian-api-1.1.2.jar;C:\Users\baban\.m2\repository\org\junit\jupiter\junit-jupiter-engine\5.9.1\junit-jupiter-engine-5.9.1.jar;C:\Users\baban\.m2\repository\org\junit\platform\junit-platform-engine\1.9.1\junit-platform-engine-1.9.1.jar;C:\Users\baban\.m2\repository\org\junit\jupiter\junit-jupiter-params\5.9.1\junit-jupiter-params-5.9.1.jar;C:\Users\baban\.m2\repository\org\hamcrest\hamcrest-library\1.3\hamcrest-library-1.3.jar;C:\Users\baban\.m2\repository\org\hamcrest\hamcrest-core\1.3\hamcrest-core-1.3.jar;C:\Users\baban\.m2\repository\org\testcontainers\testcontainers\1.19.5\testcontainers-1.19.5.jar;C:\Users\baban\.m2\repository\org\slf4j\slf4j-api\1.7.36\slf4j-api-1.7.36.jar;C:\Users\baban\.m2\repository\org\apache\commons\commons-compress\1.24.0\commons-compress-1.24.0.jar;C:\Users\baban\.m2\repository\org\rnorth\duct-tape\duct-tape\1.0.8\duct-tape-1.0.8.jar;C:\Users\baban\.m2\repository\org\jetbrains\annotations\17.0.0\annotations-17.0.0.jar;C:\Users\baban\.m2\repository\com\github\docker-java\docker-java-api\3.3.4\docker-java-api-3.3.4.jar;C:\Users\baban\.m2\repository\com\github\docker-java\docker-java-transport-zerodep\3.3.4\docker-java-transport-zerodep-3.3.4.jar;C:\Users\baban\.m2\repository\com\github\docker-java\docker-java-transport\3.3.4\docker-java-transport-3.3.4.jar;C:\Users\baban\.m2\repository\net\java\dev\jna\jna\5.13.0\jna-5.13.0.jar;C:\Users\baban\.m2\repository\org\testcontainers\postgresql\1.19.5\postgresql-1.19.5.jar;C:\Users\baban\.m2\repository\org\testcontainers\jdbc\1.19.5\jdbc-1.19.5.jar;C:\Users\baban\.m2\repository\org\testcontainers\database-commons\1.19.5\database-commons-1.19.5.jar;C:\Users\baban\.m2\repository\org\testcontainers\junit-jupiter\1.19.5\junit-jupiter-1.19.5.jar;C:\Users\baban\.m2\repository\junit\junit\4.13.1\junit-4.13.1.jar;C:\Users\baban\.m2\repository\org\junit\jupiter\junit-jupiter\5.8.1\junit-jupiter-5.8.1.jar;C:\Users\baban\.m2\repository\com\squareup\okhttp3\okhttp\4.2.2\okhttp-4.2.2.jar;C:\Users\baban\.m2\repository\com\squareup\okio\okio\2.2.2\okio-2.2.2.jar;C:\Users\baban\.m2\repository\org\jetbrains\kotlin\kotlin-stdlib\1.3.50\kotlin-stdlib-1.3.50.jar;C:\Users\baban\.m2\repository\org\jetbrains\kotlin\kotlin-stdlib-common\1.3.50\kotlin-stdlib-common-1.3.50.jar;C:\Users\baban\.m2\repository\com\google\code\gson\gson\2.8.9\gson-2.8.9.jar;C:\Users\baban\.m2\repository\org\apache\httpcomponents\httpclient\4.5.13\httpclient-4.5.13.jar;C:\Users\baban\.m2\repository\org\apache\httpcomponents\httpcore\4.4.13\httpcore-4.4.13.jar;C:\Users\baban\.m2\repository\commons-logging\commons-logging\1.2\commons-logging-1.2.jar;C:\Users\baban\.m2\repository\commons-codec\commons-codec\1.11\commons-codec-1.11.jar;C:\Users\baban\.m2\repository\com\fasterxml\jackson\core\jackson-databind\2.12.1\jackson-databind-2.12.1.jar;C:\Users\baban\.m2\repository\com\fasterxml\jackson\core\jackson-annotations\2.12.1\jackson-annotations-2.12.1.jar;C:\Users\baban\.m2\repository\com\fasterxml\jackson\core\jackson-core\2.12.1\jackson-core-2.12.1.jar;C:\Users\baban\.m2\repository\jakarta\validation\jakarta.validation-api\3.0.0\jakarta.validation-api-3.0.0.jar;"/>
    <property name="java.vm.vendor" value="Amazon.com Inc."/>
    <property name="sun.arch.data.model" value="64"/>
    <property name="user.variant" value=""/>
    <property name="java.vendor.url" value="https://aws.amazon.com/corretto/"/>
    <property name="user.timezone" value="Europe/Copenhagen"/>
    <property name="os.name" value="Windows 11"/>
    <property name="java.vm.specification.version" value="17"/>
    <property name="sun.java.launcher" value="SUN_STANDARD"/>
    <property name="user.country" value="DK"/>
    <property name="sun.boot.library.path" value="C:\Users\baban\.jdks\corretto-17.0.10\bin"/>
    <property name="sun.java.command" value="C:\Users\baban\AppData\Local\Temp\surefire17097103767419602522\surefirebooter-20240221133850192_3.jar C:\Users\baban\AppData\Local\Temp\surefire17097103767419602522 2024-02-21T13-38-49_327-jvmRun1 surefire-20240221133850192_1tmp surefire_0-20240221133850192_2tmp"/>
    <property name="jdk.debug" value="release"/>
    <property name="surefire.test.class.path" value="C:\Users\baban\OneDrive\Skrivebord\Datamatiker\3 Tredje Semester\ThirdSemesterExercises\target\test-classes;C:\Users\baban\OneDrive\Skrivebord\Datamatiker\3 Tredje Semester\ThirdSemesterExercises\target\classes;C:\Users\baban\.m2\repository\org\postgresql\postgresql\42.6.0\postgresql-42.6.0.jar;C:\Users\baban\.m2\repository\org\checkerframework\checker-qual\3.31.0\checker-qual-3.31.0.jar;C:\Users\baban\.m2\repository\org\hibernate\orm\hibernate-core\6.2.4.Final\hibernate-core-6.2.4.Final.jar;C:\Users\baban\.m2\repository\jakarta\persistence\jakarta.persistence-api\3.1.0\jakarta.persistence-api-3.1.0.jar;C:\Users\baban\.m2\repository\jakarta\transaction\jakarta.transaction-api\2.0.1\jakarta.transaction-api-2.0.1.jar;C:\Users\baban\.m2\repository\org\jboss\logging\jboss-logging\3.5.0.Final\jboss-logging-3.5.0.Final.jar;C:\Users\baban\.m2\repository\org\hibernate\common\hibernate-commons-annotations\6.0.6.Final\hibernate-commons-annotations-6.0.6.Final.jar;C:\Users\baban\.m2\repository\io\smallrye\jandex\3.0.5\jandex-3.0.5.jar;C:\Users\baban\.m2\repository\com\fasterxml\classmate\1.5.1\classmate-1.5.1.jar;C:\Users\baban\.m2\repository\net\bytebuddy\byte-buddy\1.12.18\byte-buddy-1.12.18.jar;C:\Users\baban\.m2\repository\jakarta\xml\bind\jakarta.xml.bind-api\4.0.0\jakarta.xml.bind-api-4.0.0.jar;C:\Users\baban\.m2\repository\jakarta\activation\jakarta.activation-api\2.1.0\jakarta.activation-api-2.1.0.jar;C:\Users\baban\.m2\repository\org\glassfish\jaxb\jaxb-runtime\4.0.2\jaxb-runtime-4.0.2.jar;C:\Users\baban\.m2\repository\org\glassfish\jaxb\jaxb-core\4.0.2\jaxb-core-4.0.2.jar;C:\Users\baban\.m2\repository\org\eclipse\angus\angus-activation\2.0.0\angus-activation-2.0.0.jar;C:\Users\baban\.m2\repository\org\glassfish\jaxb\txw2\4.0.2\txw2-4.0.2.jar;C:\Users\baban\.m2\repository\com\sun\istack\istack-commons-runtime\4.1.1\istack-commons-runtime-4.1.1.jar;C:\Users\baban\.m2\repository\jakarta\inject\jakarta.inject-api\2.0.1\jakarta.inject-api-2.0.1.jar;C:\Users\baban\.m2\repository\org\antlr\antlr4-runtime\4.10.1\antlr4-runtime-4.10.1.jar;C:\Users\baban\.m2\repository\org\projectlombok\lombok\1.18.28\lombok-1.18.28.jar;C:\Users\baban\.m2\repository\org\junit\jupiter\junit-jupiter-api\5.9.1\junit-jupiter-api-5.9.1.jar;C:\Users\baban\.m2\repository\org\opentest4j\opentest4j\1.2.0\opentest4j-1.2.0.jar;C:\Users\baban\.m2\repository\org\junit\platform\junit-platform-commons\1.9.1\junit-platform-commons-1.9.1.jar;C:\Users\baban\.m2\repository\org\apiguardian\apiguardian-api\1.1.2\apiguardian-api-1.1.2.jar;C:\Users\baban\.m2\repository\org\junit\jupiter\junit-jupiter-engine\5.9.1\junit-jupiter-engine-5.9.1.jar;C:\Users\baban\.m2\repository\org\junit\platform\junit-platform-engine\1.9.1\junit-platform-engine-1.9.1.jar;C:\Users\baban\.m2\repository\org\junit\jupiter\junit-jupiter-params\5.9.1\junit-jupiter-params-5.9.1.jar;C:\Users\baban\.m2\repository\org\hamcrest\hamcrest-library\1.3\hamcrest-library-1.3.jar;C:\Users\baban\.m2\repository\org\hamcrest\hamcrest-core\1.3\hamcrest-core-1.3.jar;C:\Users\baban\.m2\repository\org\testcontainers\testcontainers\1.19.5\testcontainers-1.19.5.jar;C:\Users\baban\.m2\repository\org\slf4j\slf4j-api\1.7.36\slf4j-api-1.7.36.jar;C:\Users\baban\.m2\repository\org\apache\commons\commons-compress\1.24.0\commons-compress-1.24.0.jar;C:\Users\baban\.m2\repository\org\rnorth\duct-tape\duct-tape\1.0.8\duct-tape-1.0.8.jar;C:\Users\baban\.m2\repository\org\jetbrains\annotations\17.0.0\annotations-17.0.0.jar;C:\Users\baban\.m2\repository\com\github\docker-java\docker-java-api\3.3.4\docker-java-api-3.3.4.jar;C:\Users\baban\.m2\repository\com\github\docker-java\docker-java-transport-zerodep\3.3.4\docker-java-transport-zerodep-3.3.4.jar;C:\Users\baban\.m2\repository\com\github\docker-java\docker-java-transport\3.3.4\docker-java-transport-3.3.4.jar;C:\Users\baban\.m2\repository\net\java\dev\jna\jna\5.13.0\jna-5.13.0.jar;C:\Users\baban\.m2\repository\org\testcontainers\postgresql\1.19.5\postgresql-1.19.5.jar;C:\Users\baban\.m2\repository\org\testcontainers\jdbc\1.19.5\jdbc-1.19.5.jar;C:\Users\baban\.m2\repository\org\testcontainers\database-commons\1.19.5\database-commons-1.19.5.jar;C:\Users\baban\.m2\repository\org\testcontainers\junit-jupiter\1.19.5\junit-jupiter-1.19.5.jar;C:\Users\baban\.m2\repository\junit\junit\4.13.1\junit-4.13.1.jar;C:\Users\baban\.m2\repository\org\junit\jupiter\junit-jupiter\5.8.1\junit-jupiter-5.8.1.jar;C:\Users\baban\.m2\repository\com\squareup\okhttp3\okhttp\4.2.2\okhttp-4.2.2.jar;C:\Users\baban\.m2\repository\com\squareup\okio\okio\2.2.2\okio-2.2.2.jar;C:\Users\baban\.m2\repository\org\jetbrains\kotlin\kotlin-stdlib\1.3.50\kotlin-stdlib-1.3.50.jar;C:\Users\baban\.m2\repository\org\jetbrains\kotlin\kotlin-stdlib-common\1.3.50\kotlin-stdlib-common-1.3.50.jar;C:\Users\baban\.m2\repository\com\google\code\gson\gson\2.8.9\gson-2.8.9.jar;C:\Users\baban\.m2\repository\org\apache\httpcomponents\httpclient\4.5.13\httpclient-4.5.13.jar;C:\Users\baban\.m2\repository\org\apache\httpcomponents\httpcore\4.4.13\httpcore-4.4.13.jar;C:\Users\baban\.m2\repository\commons-logging\commons-logging\1.2\commons-logging-1.2.jar;C:\Users\baban\.m2\repository\commons-codec\commons-codec\1.11\commons-codec-1.11.jar;C:\Users\baban\.m2\repository\com\fasterxml\jackson\core\jackson-databind\2.12.1\jackson-databind-2.12.1.jar;C:\Users\baban\.m2\repository\com\fasterxml\jackson\core\jackson-annotations\2.12.1\jackson-annotations-2.12.1.jar;C:\Users\baban\.m2\repository\com\fasterxml\jackson\core\jackson-core\2.12.1\jackson-core-2.12.1.jar;C:\Users\baban\.m2\repository\jakarta\validation\jakarta.validation-api\3.0.0\jakarta.validation-api-3.0.0.jar;"/>
    <property name="sun.cpu.endian" value="little"/>
    <property name="user.home" value="C:\Users\baban"/>
    <property name="user.language" value="da"/>
    <property name="java.specification.vendor" value="Oracle Corporation"/>
    <property name="java.version.date" value="2024-01-16"/>
    <property name="java.home" value="C:\Users\baban\.jdks\corretto-17.0.10"/>
    <property name="file.separator" value="\"/>
    <property name="basedir" value="C:\Users\baban\OneDrive\Skrivebord\Datamatiker\3 Tredje Semester\ThirdSemesterExercises"/>
    <property name="java.vm.compressedOopsMode" value="Zero based"/>
    <property name="line.separator" value="&#10;"/>
    <property name="java.vm.specification.vendor" value="Oracle Corporation"/>
    <property name="java.specification.name" value="Java Platform API Specification"/>
    <property name="surefire.real.class.path" value="C:\Users\baban\AppData\Local\Temp\surefire17097103767419602522\surefirebooter-20240221133850192_3.jar"/>
    <property name="user.script" value=""/>
    <property name="sun.management.compiler" value="HotSpot 64-Bit Tiered Compilers"/>
    <property name="java.runtime.version" value="17.0.10+7-LTS"/>
    <property name="user.name" value="babanoel"/>
    <property name="path.separator" value=";"/>
    <property name="os.version" value="10.0"/>
    <property name="java.runtime.name" value="OpenJDK Runtime Environment"/>
    <property name="file.encoding" value="Cp1252"/>
    <property name="java.vm.name" value="OpenJDK 64-Bit Server VM"/>
    <property name="java.vendor.version" value="Corretto-17.0.10.7.1"/>
    <property name="localRepository" value="C:\Users\baban\.m2\repository"/>
    <property name="java.vendor.url.bug" value="https://github.com/corretto/corretto-17/issues/"/>
    <property name="java.io.tmpdir" value="C:\Users\baban\AppData\Local\Temp\"/>
    <property name="idea.version" value="2023.3.4"/>
    <property name="java.version" value="17.0.10"/>
    <property name="user.dir" value="C:\Users\baban\OneDrive\Skrivebord\Datamatiker\3 Tredje Semester\ThirdSemesterExercises"/>
    <property name="os.arch" value="amd64"/>
    <property name="java.vm.specification.name" value="Java Virtual Machine Specification"/>
    <property name="sun.os.patch.level" value=""/>
    <property name="native.encoding" value="Cp1252"/>
    <property name="java.library.path" value="C:\Users\baban\.jdks\corretto-17.0.10\bin;C:\WINDOWS\Sun\Java\bin;C:\WINDOWS\system32;C:\WINDOWS;C:\WINDOWS\system32;C:\WINDOWS;C:\WINDOWS\System32\Wbem;C:\WINDOWS\System32\WindowsPowerShell\v1.0\;C:\WINDOWS\System32\OpenSSH\;C:\Program Files\Git\cmd;C:\Program Files\Common Files\Autodesk Shared\;C:\Program Files\Microsoft SQL Server\150\Tools\Binn\;C:\Program Files\Docker\Docker\resources\bin;C:\Users\baban\AppData\Local\Microsoft\WindowsApps;C:\Users\baban\AppData\Local\GitHubDesktop\bin;C:\Program Files\Java\jdk1.8.0_361\bin;C:\Program Files (x86)\Vim\vim90;;C:\Program Files\JetBrains\IntelliJ IDEA 2022.3.2\bin;;."/>
    <property name="java.vm.info" value="mixed mode, sharing"/>
    <property name="java.vendor" value="Amazon.com Inc."/>
    <property name="java.vm.version" value="17.0.10+7-LTS"/>
    <property name="sun.io.unicode.encoding" value="UnicodeLittle"/>
    <property name="java.class.version" value="61.0"/>
  </properties>
  <testcase name="store1000Points" classname="ThirdSemesterExercises.Backend.Week7Year2024.Day2.Exercise3.PointDAOTest" time="0.925">
    <system-out><![CDATA[Hibernate Java Config serviceRegistry created
Hibernate: drop table if exists point cascade
Hibernate: create table point (id serial not null, x integer not null, y integer not null, primary key (id))
Hibernate: insert into point (x,y) values (?,?)
Hibernate: insert into point (x,y) values (?,?)
Hibernate: insert into point (x,y) values (?,?)
Hibernate: insert into point (x,y) values (?,?)
Hibernate: insert into point (x,y) values (?,?)
Hibernate: insert into point (x,y) values (?,?)
Hibernate: insert into point (x,y) values (?,?)
Hibernate: insert into point (x,y) values (?,?)
Hibernate: insert into point (x,y) values (?,?)
Hibernate: insert into point (x,y) values (?,?)
Hibernate: insert into point (x,y) values (?,?)
Hibernate: insert into point (x,y) values (?,?)
Hibernate: insert into point (x,y) values (?,?)
Hibernate: insert into point (x,y) values (?,?)
Hibernate: insert into point (x,y) values (?,?)
Hibernate: insert into point (x,y) values (?,?)
Hibernate: insert into point (x,y) values (?,?)
Hibernate: insert into point (x,y) values (?,?)
Hibernate: insert into point (x,y) values (?,?)
Hibernate: insert into point (x,y) values (?,?)
Hibernate: insert into point (x,y) values (?,?)
Hibernate: insert into point (x,y) values (?,?)
Hibernate: insert into point (x,y) values (?,?)
Hibernate: insert into point (x,y) values (?,?)
Hibernate: insert into point (x,y) values (?,?)
Hibernate: insert into point (x,y) values (?,?)
Hibernate: insert into point (x,y) values (?,?)
Hibernate: insert into point (x,y) values (?,?)
Hibernate: insert into point (x,y) values (?,?)
Hibernate: insert into point (x,y) values (?,?)
Hibernate: insert into point (x,y) values (?,?)
Hibernate: insert into point (x,y) values (?,?)
Hibernate: insert into point (x,y) values (?,?)
Hibernate: insert into point (x,y) values (?,?)
Hibernate: insert into point (x,y) values (?,?)
Hibernate: insert into point (x,y) values (?,?)
Hibernate: insert into point (x,y) values (?,?)
Hibernate: insert into point (x,y) values (?,?)
Hibernate: insert into point (x,y) values (?,?)
Hibernate: insert into point (x,y) values (?,?)
Hibernate: insert into point (x,y) values (?,?)
Hibernate: insert into point (x,y) values (?,?)
Hibernate: insert into point (x,y) values (?,?)
Hibernate: insert into point (x,y) values (?,?)
Hibernate: insert into point (x,y) values (?,?)
Hibernate: insert into point (x,y) values (?,?)
Hibernate: insert into point (x,y) values (?,?)
Hibernate: insert into point (x,y) values (?,?)
Hibernate: insert into point (x,y) values (?,?)
Hibernate: insert into point (x,y) values (?,?)
Hibernate: insert into point (x,y) values (?,?)
Hibernate: insert into point (x,y) values (?,?)
Hibernate: insert into point (x,y) values (?,?)
Hibernate: insert into point (x,y) values (?,?)
Hibernate: insert into point (x,y) values (?,?)
Hibernate: insert into point (x,y) values (?,?)
Hibernate: insert into point (x,y) values (?,?)
Hibernate: insert into point (x,y) values (?,?)
Hibernate: insert into point (x,y) values (?,?)
Hibernate: insert into point (x,y) values (?,?)
Hibernate: insert into point (x,y) values (?,?)
Hibernate: insert into point (x,y) values (?,?)
Hibernate: insert into point (x,y) values (?,?)
Hibernate: insert into point (x,y) values (?,?)
Hibernate: insert into point (x,y) values (?,?)
Hibernate: insert into point (x,y) values (?,?)
Hibernate: insert into point (x,y) values (?,?)
Hibernate: insert into point (x,y) values (?,?)
Hibernate: insert into point (x,y) values (?,?)
Hibernate: insert into point (x,y) values (?,?)
Hibernate: insert into point (x,y) values (?,?)
Hibernate: insert into point (x,y) values (?,?)
Hibernate: insert into point (x,y) values (?,?)
Hibernate: insert into point (x,y) values (?,?)
Hibernate: insert into point (x,y) values (?,?)
Hibernate: insert into point (x,y) values (?,?)
Hibernate: insert into point (x,y) values (?,?)
Hibernate: insert into point (x,y) values (?,?)
Hibernate: insert into point (x,y) values (?,?)
Hibernate: insert into point (x,y) values (?,?)
Hibernate: insert into point (x,y) values (?,?)
Hibernate: insert into point (x,y) values (?,?)
Hibernate: insert into point (x,y) values (?,?)
Hibernate: insert into point (x,y) values (?,?)
Hibernate: insert into point (x,y) values (?,?)
Hibernate: insert into point (x,y) values (?,?)
Hibernate: insert into point (x,y) values (?,?)
Hibernate: insert into point (x,y) values (?,?)
Hibernate: insert into point (x,y) values (?,?)
Hibernate: insert into point (x,y) values (?,?)
Hibernate: insert into point (x,y) values (?,?)
Hibernate: insert into point (x,y) values (?,?)
Hibernate: insert into point (x,y) values (?,?)
Hibernate: insert into point (x,y) values (?,?)
Hibernate: insert into point (x,y) values (?,?)
Hibernate: insert into point (x,y) values (?,?)
Hibernate: insert into point (x,y) values (?,?)
Hibernate: insert into point (x,y) values (?,?)
Hibernate: insert into point (x,y) values (?,?)
Hibernate: insert into point (x,y) values (?,?)
Hibernate: insert into point (x,y) values (?,?)
Hibernate: insert into point (x,y) values (?,?)
Hibernate: insert into point (x,y) values (?,?)
Hibernate: insert into point (x,y) values (?,?)
Hibernate: insert into point (x,y) values (?,?)
Hibernate: insert into point (x,y) values (?,?)
Hibernate: insert into point (x,y) values (?,?)
Hibernate: insert into point (x,y) values (?,?)
Hibernate: insert into point (x,y) values (?,?)
Hibernate: insert into point (x,y) values (?,?)
Hibernate: insert into point (x,y) values (?,?)
Hibernate: insert into point (x,y) values (?,?)
Hibernate: insert into point (x,y) values (?,?)
Hibernate: insert into point (x,y) values (?,?)
Hibernate: insert into point (x,y) values (?,?)
Hibernate: insert into point (x,y) values (?,?)
Hibernate: insert into point (x,y) values (?,?)
Hibernate: insert into point (x,y) values (?,?)
Hibernate: insert into point (x,y) values (?,?)
Hibernate: insert into point (x,y) values (?,?)
Hibernate: insert into point (x,y) values (?,?)
Hibernate: insert into point (x,y) values (?,?)
Hibernate: insert into point (x,y) values (?,?)
Hibernate: insert into point (x,y) values (?,?)
Hibernate: insert into point (x,y) values (?,?)
Hibernate: insert into point (x,y) values (?,?)
Hibernate: insert into point (x,y) values (?,?)
Hibernate: insert into point (x,y) values (?,?)
Hibernate: insert into point (x,y) values (?,?)
Hibernate: insert into point (x,y) values (?,?)
Hibernate: insert into point (x,y) values (?,?)
Hibernate: insert into point (x,y) values (?,?)
Hibernate: insert into point (x,y) values (?,?)
Hibernate: insert into point (x,y) values (?,?)
Hibernate: insert into point (x,y) values (?,?)
Hibernate: insert into point (x,y) values (?,?)
Hibernate: insert into point (x,y) values (?,?)
Hibernate: insert into point (x,y) values (?,?)
Hibernate: insert into point (x,y) values (?,?)
Hibernate: insert into point (x,y) values (?,?)
Hibernate: insert into point (x,y) values (?,?)
Hibernate: insert into point (x,y) values (?,?)
Hibernate: insert into point (x,y) values (?,?)
Hibernate: insert into point (x,y) values (?,?)
Hibernate: insert into point (x,y) values (?,?)
Hibernate: insert into point (x,y) values (?,?)
Hibernate: insert into point (x,y) values (?,?)
Hibernate: insert into point (x,y) values (?,?)
Hibernate: insert into point (x,y) values (?,?)
Hibernate: insert into point (x,y) values (?,?)
Hibernate: insert into point (x,y) values (?,?)
Hibernate: insert into point (x,y) values (?,?)
Hibernate: insert into point (x,y) values (?,?)
Hibernate: insert into point (x,y) values (?,?)
Hibernate: insert into point (x,y) values (?,?)
Hibernate: insert into point (x,y) values (?,?)
Hibernate: insert into point (x,y) values (?,?)
Hibernate: insert into point (x,y) values (?,?)
Hibernate: insert into point (x,y) values (?,?)
Hibernate: insert into point (x,y) values (?,?)
Hibernate: insert into point (x,y) values (?,?)
Hibernate: insert into point (x,y) values (?,?)
Hibernate: insert into point (x,y) values (?,?)
Hibernate: insert into point (x,y) values (?,?)
Hibernate: insert into point (x,y) values (?,?)
Hibernate: insert into point (x,y) values (?,?)
Hibernate: insert into point (x,y) values (?,?)
Hibernate: insert into point (x,y) values (?,?)
Hibernate: insert into point (x,y) values (?,?)
Hibernate: insert into point (x,y) values (?,?)
Hibernate: insert into point (x,y) values (?,?)
Hibernate: insert into point (x,y) values (?,?)
Hibernate: insert into point (x,y) values (?,?)
Hibernate: insert into point (x,y) values (?,?)
Hibernate: insert into point (x,y) values (?,?)
Hibernate: insert into point (x,y) values (?,?)
Hibernate: insert into point (x,y) values (?,?)
Hibernate: insert into point (x,y) values (?,?)
Hibernate: insert into point (x,y) values (?,?)
Hibernate: insert into point (x,y) values (?,?)
Hibernate: insert into point (x,y) values (?,?)
Hibernate: insert into point (x,y) values (?,?)
Hibernate: insert into point (x,y) values (?,?)
Hibernate: insert into point (x,y) values (?,?)
Hibernate: insert into point (x,y) values (?,?)
Hibernate: insert into point (x,y) values (?,?)
Hibernate: insert into point (x,y) values (?,?)
Hibernate: insert into point (x,y) values (?,?)
Hibernate: insert into point (x,y) values (?,?)
Hibernate: insert into point (x,y) values (?,?)
Hibernate: insert into point (x,y) values (?,?)
Hibernate: insert into point (x,y) values (?,?)
Hibernate: insert into point (x,y) values (?,?)
Hibernate: insert into point (x,y) values (?,?)
Hibernate: insert into point (x,y) values (?,?)
Hibernate: insert into point (x,y) values (?,?)
Hibernate: insert into point (x,y) values (?,?)
Hibernate: insert into point (x,y) values (?,?)
Hibernate: insert into point (x,y) values (?,?)
Hibernate: insert into point (x,y) values (?,?)
Hibernate: insert into point (x,y) values (?,?)
Hibernate: insert into point (x,y) values (?,?)
Hibernate: insert into point (x,y) values (?,?)
Hibernate: insert into point (x,y) values (?,?)
Hibernate: insert into point (x,y) values (?,?)
Hibernate: insert into point (x,y) values (?,?)
Hibernate: insert into point (x,y) values (?,?)
Hibernate: insert into point (x,y) values (?,?)
Hibernate: insert into point (x,y) values (?,?)
Hibernate: insert into point (x,y) values (?,?)
Hibernate: insert into point (x,y) values (?,?)
Hibernate: insert into point (x,y) values (?,?)
Hibernate: insert into point (x,y) values (?,?)
Hibernate: insert into point (x,y) values (?,?)
Hibernate: insert into point (x,y) values (?,?)
Hibernate: insert into point (x,y) values (?,?)
Hibernate: insert into point (x,y) values (?,?)
Hibernate: insert into point (x,y) values (?,?)
Hibernate: insert into point (x,y) values (?,?)
Hibernate: insert into point (x,y) values (?,?)
Hibernate: insert into point (x,y) values (?,?)
Hibernate: insert into point (x,y) values (?,?)
Hibernate: insert into point (x,y) values (?,?)
Hibernate: insert into point (x,y) values (?,?)
Hibernate: insert into point (x,y) values (?,?)
Hibernate: insert into point (x,y) values (?,?)
Hibernate: insert into point (x,y) values (?,?)
Hibernate: insert into point (x,y) values (?,?)
Hibernate: insert into point (x,y) values (?,?)
Hibernate: insert into point (x,y) values (?,?)
Hibernate: insert into point (x,y) values (?,?)
Hibernate: insert into point (x,y) values (?,?)
Hibernate: insert into point (x,y) values (?,?)
Hibernate: insert into point (x,y) values (?,?)
Hibernate: insert into point (x,y) values (?,?)
Hibernate: insert into point (x,y) values (?,?)
Hibernate: insert into point (x,y) values (?,?)
Hibernate: insert into point (x,y) values (?,?)
Hibernate: insert into point (x,y) values (?,?)
Hibernate: insert into point (x,y) values (?,?)
Hibernate: insert into point (x,y) values (?,?)
Hibernate: insert into point (x,y) values (?,?)
Hibernate: insert into point (x,y) values (?,?)
Hibernate: insert into point (x,y) values (?,?)
Hibernate: insert into point (x,y) values (?,?)
Hibernate: insert into point (x,y) values (?,?)
Hibernate: insert into point (x,y) values (?,?)
Hibernate: insert into point (x,y) values (?,?)
Hibernate: insert into point (x,y) values (?,?)
Hibernate: insert into point (x,y) values (?,?)
Hibernate: insert into point (x,y) values (?,?)
Hibernate: insert into point (x,y) values (?,?)
Hibernate: insert into point (x,y) values (?,?)
Hibernate: insert into point (x,y) values (?,?)
Hibernate: insert into point (x,y) values (?,?)
Hibernate: insert into point (x,y) values (?,?)
Hibernate: insert into point (x,y) values (?,?)
Hibernate: insert into point (x,y) values (?,?)
Hibernate: insert into point (x,y) values (?,?)
Hibernate: insert into point (x,y) values (?,?)
Hibernate: insert into point (x,y) values (?,?)
Hibernate: insert into point (x,y) values (?,?)
Hibernate: insert into point (x,y) values (?,?)
Hibernate: insert into point (x,y) values (?,?)
Hibernate: insert into point (x,y) values (?,?)
Hibernate: insert into point (x,y) values (?,?)
Hibernate: insert into point (x,y) values (?,?)
Hibernate: insert into point (x,y) values (?,?)
Hibernate: insert into point (x,y) values (?,?)
Hibernate: insert into point (x,y) values (?,?)
Hibernate: insert into point (x,y) values (?,?)
Hibernate: insert into point (x,y) values (?,?)
Hibernate: insert into point (x,y) values (?,?)
Hibernate: insert into point (x,y) values (?,?)
Hibernate: insert into point (x,y) values (?,?)
Hibernate: insert into point (x,y) values (?,?)
Hibernate: insert into point (x,y) values (?,?)
Hibernate: insert into point (x,y) values (?,?)
Hibernate: insert into point (x,y) values (?,?)
Hibernate: insert into point (x,y) values (?,?)
Hibernate: insert into point (x,y) values (?,?)
Hibernate: insert into point (x,y) values (?,?)
Hibernate: insert into point (x,y) values (?,?)
Hibernate: insert into point (x,y) values (?,?)
Hibernate: insert into point (x,y) values (?,?)
Hibernate: insert into point (x,y) values (?,?)
Hibernate: insert into point (x,y) values (?,?)
Hibernate: insert into point (x,y) values (?,?)
Hibernate: insert into point (x,y) values (?,?)
Hibernate: insert into point (x,y) values (?,?)
Hibernate: insert into point (x,y) values (?,?)
Hibernate: insert into point (x,y) values (?,?)
Hibernate: insert into point (x,y) values (?,?)
Hibernate: insert into point (x,y) values (?,?)
Hibernate: insert into point (x,y) values (?,?)
Hibernate: insert into point (x,y) values (?,?)
Hibernate: insert into point (x,y) values (?,?)
Hibernate: insert into point (x,y) values (?,?)
Hibernate: insert into point (x,y) values (?,?)
Hibernate: insert into point (x,y) values (?,?)
Hibernate: insert into point (x,y) values (?,?)
Hibernate: insert into point (x,y) values (?,?)
Hibernate: insert into point (x,y) values (?,?)
Hibernate: insert into point (x,y) values (?,?)
Hibernate: insert into point (x,y) values (?,?)
Hibernate: insert into point (x,y) values (?,?)
Hibernate: insert into point (x,y) values (?,?)
Hibernate: insert into point (x,y) values (?,?)
Hibernate: insert into point (x,y) values (?,?)
Hibernate: insert into point (x,y) values (?,?)
Hibernate: insert into point (x,y) values (?,?)
Hibernate: insert into point (x,y) values (?,?)
Hibernate: insert into point (x,y) values (?,?)
Hibernate: insert into point (x,y) values (?,?)
Hibernate: insert into point (x,y) values (?,?)
Hibernate: insert into point (x,y) values (?,?)
Hibernate: insert into point (x,y) values (?,?)
Hibernate: insert into point (x,y) values (?,?)
Hibernate: insert into point (x,y) values (?,?)
Hibernate: insert into point (x,y) values (?,?)
Hibernate: insert into point (x,y) values (?,?)
Hibernate: insert into point (x,y) values (?,?)
Hibernate: insert into point (x,y) values (?,?)
Hibernate: insert into point (x,y) values (?,?)
Hibernate: insert into point (x,y) values (?,?)
Hibernate: insert into point (x,y) values (?,?)
Hibernate: insert into point (x,y) values (?,?)
Hibernate: insert into point (x,y) values (?,?)
Hibernate: insert into point (x,y) values (?,?)
Hibernate: insert into point (x,y) values (?,?)
Hibernate: insert into point (x,y) values (?,?)
Hibernate: insert into point (x,y) values (?,?)
Hibernate: insert into point (x,y) values (?,?)
Hibernate: insert into point (x,y) values (?,?)
Hibernate: insert into point (x,y) values (?,?)
Hibernate: insert into point (x,y) values (?,?)
Hibernate: insert into point (x,y) values (?,?)
Hibernate: insert into point (x,y) values (?,?)
Hibernate: insert into point (x,y) values (?,?)
Hibernate: insert into point (x,y) values (?,?)
Hibernate: insert into point (x,y) values (?,?)
Hibernate: insert into point (x,y) values (?,?)
Hibernate: insert into point (x,y) values (?,?)
Hibernate: insert into point (x,y) values (?,?)
Hibernate: insert into point (x,y) values (?,?)
Hibernate: insert into point (x,y) values (?,?)
Hibernate: insert into point (x,y) values (?,?)
Hibernate: insert into point (x,y) values (?,?)
Hibernate: insert into point (x,y) values (?,?)
Hibernate: insert into point (x,y) values (?,?)
Hibernate: insert into point (x,y) values (?,?)
Hibernate: insert into point (x,y) values (?,?)
Hibernate: insert into point (x,y) values (?,?)
Hibernate: insert into point (x,y) values (?,?)
Hibernate: insert into point (x,y) values (?,?)
Hibernate: insert into point (x,y) values (?,?)
Hibernate: insert into point (x,y) values (?,?)
Hibernate: insert into point (x,y) values (?,?)
Hibernate: insert into point (x,y) values (?,?)
Hibernate: insert into point (x,y) values (?,?)
Hibernate: insert into point (x,y) values (?,?)
Hibernate: insert into point (x,y) values (?,?)
Hibernate: insert into point (x,y) values (?,?)
Hibernate: insert into point (x,y) values (?,?)
Hibernate: insert into point (x,y) values (?,?)
Hibernate: insert into point (x,y) values (?,?)
Hibernate: insert into point (x,y) values (?,?)
Hibernate: insert into point (x,y) values (?,?)
Hibernate: insert into point (x,y) values (?,?)
Hibernate: insert into point (x,y) values (?,?)
Hibernate: insert into point (x,y) values (?,?)
Hibernate: insert into point (x,y) values (?,?)
Hibernate: insert into point (x,y) values (?,?)
Hibernate: insert into point (x,y) values (?,?)
Hibernate: insert into point (x,y) values (?,?)
Hibernate: insert into point (x,y) values (?,?)
Hibernate: insert into point (x,y) values (?,?)
Hibernate: insert into point (x,y) values (?,?)
Hibernate: insert into point (x,y) values (?,?)
Hibernate: insert into point (x,y) values (?,?)
Hibernate: insert into point (x,y) values (?,?)
Hibernate: insert into point (x,y) values (?,?)
Hibernate: insert into point (x,y) values (?,?)
Hibernate: insert into point (x,y) values (?,?)
Hibernate: insert into point (x,y) values (?,?)
Hibernate: insert into point (x,y) values (?,?)
Hibernate: insert into point (x,y) values (?,?)
Hibernate: insert into point (x,y) values (?,?)
Hibernate: insert into point (x,y) values (?,?)
Hibernate: insert into point (x,y) values (?,?)
Hibernate: insert into point (x,y) values (?,?)
Hibernate: insert into point (x,y) values (?,?)
Hibernate: insert into point (x,y) values (?,?)
Hibernate: insert into point (x,y) values (?,?)
Hibernate: insert into point (x,y) values (?,?)
Hibernate: insert into point (x,y) values (?,?)
Hibernate: insert into point (x,y) values (?,?)
Hibernate: insert into point (x,y) values (?,?)
Hibernate: insert into point (x,y) values (?,?)
Hibernate: insert into point (x,y) values (?,?)
Hibernate: insert into point (x,y) values (?,?)
Hibernate: insert into point (x,y) values (?,?)
Hibernate: insert into point (x,y) values (?,?)
Hibernate: insert into point (x,y) values (?,?)
Hibernate: insert into point (x,y) values (?,?)
Hibernate: insert into point (x,y) values (?,?)
Hibernate: insert into point (x,y) values (?,?)
Hibernate: insert into point (x,y) values (?,?)
Hibernate: insert into point (x,y) values (?,?)
Hibernate: insert into point (x,y) values (?,?)
Hibernate: insert into point (x,y) values (?,?)
Hibernate: insert into point (x,y) values (?,?)
Hibernate: insert into point (x,y) values (?,?)
Hibernate: insert into point (x,y) values (?,?)
Hibernate: insert into point (x,y) values (?,?)
Hibernate: insert into point (x,y) values (?,?)
Hibernate: insert into point (x,y) values (?,?)
Hibernate: insert into point (x,y) values (?,?)
Hibernate: insert into point (x,y) values (?,?)
Hibernate: insert into point (x,y) values (?,?)
Hibernate: insert into point (x,y) values (?,?)
Hibernate: insert into point (x,y) values (?,?)
Hibernate: insert into point (x,y) values (?,?)
Hibernate: insert into point (x,y) values (?,?)
Hibernate: insert into point (x,y) values (?,?)
Hibernate: insert into point (x,y) values (?,?)
Hibernate: insert into point (x,y) values (?,?)
Hibernate: insert into point (x,y) values (?,?)
Hibernate: insert into point (x,y) values (?,?)
Hibernate: insert into point (x,y) values (?,?)
Hibernate: insert into point (x,y) values (?,?)
Hibernate: insert into point (x,y) values (?,?)
Hibernate: insert into point (x,y) values (?,?)
Hibernate: insert into point (x,y) values (?,?)
Hibernate: insert into point (x,y) values (?,?)
Hibernate: insert into point (x,y) values (?,?)
Hibernate: insert into point (x,y) values (?,?)
Hibernate: insert into point (x,y) values (?,?)
Hibernate: insert into point (x,y) values (?,?)
Hibernate: insert into point (x,y) values (?,?)
Hibernate: insert into point (x,y) values (?,?)
Hibernate: insert into point (x,y) values (?,?)
Hibernate: insert into point (x,y) values (?,?)
Hibernate: insert into point (x,y) values (?,?)
Hibernate: insert into point (x,y) values (?,?)
Hibernate: insert into point (x,y) values (?,?)
Hibernate: insert into point (x,y) values (?,?)
Hibernate: insert into point (x,y) values (?,?)
Hibernate: insert into point (x,y) values (?,?)
Hibernate: insert into point (x,y) values (?,?)
Hibernate: insert into point (x,y) values (?,?)
Hibernate: insert into point (x,y) values (?,?)
Hibernate: insert into point (x,y) values (?,?)
Hibernate: insert into point (x,y) values (?,?)
Hibernate: insert into point (x,y) values (?,?)
Hibernate: insert into point (x,y) values (?,?)
Hibernate: insert into point (x,y) values (?,?)
Hibernate: insert into point (x,y) values (?,?)
Hibernate: insert into point (x,y) values (?,?)
Hibernate: insert into point (x,y) values (?,?)
Hibernate: insert into point (x,y) values (?,?)
Hibernate: insert into point (x,y) values (?,?)
Hibernate: insert into point (x,y) values (?,?)
Hibernate: insert into point (x,y) values (?,?)
Hibernate: insert into point (x,y) values (?,?)
Hibernate: insert into point (x,y) values (?,?)
Hibernate: insert into point (x,y) values (?,?)
Hibernate: insert into point (x,y) values (?,?)
Hibernate: insert into point (x,y) values (?,?)
Hibernate: insert into point (x,y) values (?,?)
Hibernate: insert into point (x,y) values (?,?)
Hibernate: insert into point (x,y) values (?,?)
Hibernate: insert into point (x,y) values (?,?)
Hibernate: insert into point (x,y) values (?,?)
Hibernate: insert into point (x,y) values (?,?)
Hibernate: insert into point (x,y) values (?,?)
Hibernate: insert into point (x,y) values (?,?)
Hibernate: insert into point (x,y) values (?,?)
Hibernate: insert into point (x,y) values (?,?)
Hibernate: insert into point (x,y) values (?,?)
Hibernate: insert into point (x,y) values (?,?)
Hibernate: insert into point (x,y) values (?,?)
Hibernate: insert into point (x,y) values (?,?)
Hibernate: insert into point (x,y) values (?,?)
Hibernate: insert into point (x,y) values (?,?)
Hibernate: insert into point (x,y) values (?,?)
Hibernate: insert into point (x,y) values (?,?)
Hibernate: insert into point (x,y) values (?,?)
Hibernate: insert into point (x,y) values (?,?)
Hibernate: insert into point (x,y) values (?,?)
Hibernate: insert into point (x,y) values (?,?)
Hibernate: insert into point (x,y) values (?,?)
Hibernate: insert into point (x,y) values (?,?)
Hibernate: insert into point (x,y) values (?,?)
Hibernate: insert into point (x,y) values (?,?)
Hibernate: insert into point (x,y) values (?,?)
Hibernate: insert into point (x,y) values (?,?)
Hibernate: insert into point (x,y) values (?,?)
Hibernate: insert into point (x,y) values (?,?)
Hibernate: insert into point (x,y) values (?,?)
Hibernate: insert into point (x,y) values (?,?)
Hibernate: insert into point (x,y) values (?,?)
Hibernate: insert into point (x,y) values (?,?)
Hibernate: insert into point (x,y) values (?,?)
Hibernate: insert into point (x,y) values (?,?)
Hibernate: insert into point (x,y) values (?,?)
Hibernate: insert into point (x,y) values (?,?)
Hibernate: insert into point (x,y) values (?,?)
Hibernate: insert into point (x,y) values (?,?)
Hibernate: insert into point (x,y) values (?,?)
Hibernate: insert into point (x,y) values (?,?)
Hibernate: insert into point (x,y) values (?,?)
Hibernate: insert into point (x,y) values (?,?)
Hibernate: insert into point (x,y) values (?,?)
Hibernate: insert into point (x,y) values (?,?)
Hibernate: insert into point (x,y) values (?,?)
Hibernate: insert into point (x,y) values (?,?)
Hibernate: insert into point (x,y) values (?,?)
Hibernate: insert into point (x,y) values (?,?)
Hibernate: insert into point (x,y) values (?,?)
Hibernate: insert into point (x,y) values (?,?)
Hibernate: insert into point (x,y) values (?,?)
Hibernate: insert into point (x,y) values (?,?)
Hibernate: insert into point (x,y) values (?,?)
Hibernate: insert into point (x,y) values (?,?)
Hibernate: insert into point (x,y) values (?,?)
Hibernate: insert into point (x,y) values (?,?)
Hibernate: insert into point (x,y) values (?,?)
Hibernate: insert into point (x,y) values (?,?)
Hibernate: insert into point (x,y) values (?,?)
Hibernate: insert into point (x,y) values (?,?)
Hibernate: insert into point (x,y) values (?,?)
Hibernate: insert into point (x,y) values (?,?)
Hibernate: insert into point (x,y) values (?,?)
Hibernate: insert into point (x,y) values (?,?)
Hibernate: insert into point (x,y) values (?,?)
Hibernate: insert into point (x,y) values (?,?)
Hibernate: insert into point (x,y) values (?,?)
Hibernate: insert into point (x,y) values (?,?)
Hibernate: insert into point (x,y) values (?,?)
Hibernate: insert into point (x,y) values (?,?)
Hibernate: insert into point (x,y) values (?,?)
Hibernate: insert into point (x,y) values (?,?)
Hibernate: insert into point (x,y) values (?,?)
Hibernate: insert into point (x,y) values (?,?)
Hibernate: insert into point (x,y) values (?,?)
Hibernate: insert into point (x,y) values (?,?)
Hibernate: insert into point (x,y) values (?,?)
Hibernate: insert into point (x,y) values (?,?)
Hibernate: insert into point (x,y) values (?,?)
Hibernate: insert into point (x,y) values (?,?)
Hibernate: insert into point (x,y) values (?,?)
Hibernate: insert into point (x,y) values (?,?)
Hibernate: insert into point (x,y) values (?,?)
Hibernate: insert into point (x,y) values (?,?)
Hibernate: insert into point (x,y) values (?,?)
Hibernate: insert into point (x,y) values (?,?)
Hibernate: insert into point (x,y) values (?,?)
Hibernate: insert into point (x,y) values (?,?)
Hibernate: insert into point (x,y) values (?,?)
Hibernate: insert into point (x,y) values (?,?)
Hibernate: insert into point (x,y) values (?,?)
Hibernate: insert into point (x,y) values (?,?)
Hibernate: insert into point (x,y) values (?,?)
Hibernate: insert into point (x,y) values (?,?)
Hibernate: insert into point (x,y) values (?,?)
Hibernate: insert into point (x,y) values (?,?)
Hibernate: insert into point (x,y) values (?,?)
Hibernate: insert into point (x,y) values (?,?)
Hibernate: insert into point (x,y) values (?,?)
Hibernate: insert into point (x,y) values (?,?)
Hibernate: insert into point (x,y) values (?,?)
Hibernate: insert into point (x,y) values (?,?)
Hibernate: insert into point (x,y) values (?,?)
Hibernate: insert into point (x,y) values (?,?)
Hibernate: insert into point (x,y) values (?,?)
Hibernate: insert into point (x,y) values (?,?)
Hibernate: insert into point (x,y) values (?,?)
Hibernate: insert into point (x,y) values (?,?)
Hibernate: insert into point (x,y) values (?,?)
Hibernate: insert into point (x,y) values (?,?)
Hibernate: insert into point (x,y) values (?,?)
Hibernate: insert into point (x,y) values (?,?)
Hibernate: insert into point (x,y) values (?,?)
Hibernate: insert into point (x,y) values (?,?)
Hibernate: insert into point (x,y) values (?,?)
Hibernate: insert into point (x,y) values (?,?)
Hibernate: insert into point (x,y) values (?,?)
Hibernate: insert into point (x,y) values (?,?)
Hibernate: insert into point (x,y) values (?,?)
Hibernate: insert into point (x,y) values (?,?)
Hibernate: insert into point (x,y) values (?,?)
Hibernate: insert into point (x,y) values (?,?)
Hibernate: insert into point (x,y) values (?,?)
Hibernate: insert into point (x,y) values (?,?)
Hibernate: insert into point (x,y) values (?,?)
Hibernate: insert into point (x,y) values (?,?)
Hibernate: insert into point (x,y) values (?,?)
Hibernate: insert into point (x,y) values (?,?)
Hibernate: insert into point (x,y) values (?,?)
Hibernate: insert into point (x,y) values (?,?)
Hibernate: insert into point (x,y) values (?,?)
Hibernate: insert into point (x,y) values (?,?)
Hibernate: insert into point (x,y) values (?,?)
Hibernate: insert into point (x,y) values (?,?)
Hibernate: insert into point (x,y) values (?,?)
Hibernate: insert into point (x,y) values (?,?)
Hibernate: insert into point (x,y) values (?,?)
Hibernate: insert into point (x,y) values (?,?)
Hibernate: insert into point (x,y) values (?,?)
Hibernate: insert into point (x,y) values (?,?)
Hibernate: insert into point (x,y) values (?,?)
Hibernate: insert into point (x,y) values (?,?)
Hibernate: insert into point (x,y) values (?,?)
Hibernate: insert into point (x,y) values (?,?)
Hibernate: insert into point (x,y) values (?,?)
Hibernate: insert into point (x,y) values (?,?)
Hibernate: insert into point (x,y) values (?,?)
Hibernate: insert into point (x,y) values (?,?)
Hibernate: insert into point (x,y) values (?,?)
Hibernate: insert into point (x,y) values (?,?)
Hibernate: insert into point (x,y) values (?,?)
Hibernate: insert into point (x,y) values (?,?)
Hibernate: insert into point (x,y) values (?,?)
Hibernate: insert into point (x,y) values (?,?)
Hibernate: insert into point (x,y) values (?,?)
Hibernate: insert into point (x,y) values (?,?)
Hibernate: insert into point (x,y) values (?,?)
Hibernate: insert into point (x,y) values (?,?)
Hibernate: insert into point (x,y) values (?,?)
Hibernate: insert into point (x,y) values (?,?)
Hibernate: insert into point (x,y) values (?,?)
Hibernate: insert into point (x,y) values (?,?)
Hibernate: insert into point (x,y) values (?,?)
Hibernate: insert into point (x,y) values (?,?)
Hibernate: insert into point (x,y) values (?,?)
Hibernate: insert into point (x,y) values (?,?)
Hibernate: insert into point (x,y) values (?,?)
Hibernate: insert into point (x,y) values (?,?)
Hibernate: insert into point (x,y) values (?,?)
Hibernate: insert into point (x,y) values (?,?)
Hibernate: insert into point (x,y) values (?,?)
Hibernate: insert into point (x,y) values (?,?)
Hibernate: insert into point (x,y) values (?,?)
Hibernate: insert into point (x,y) values (?,?)
Hibernate: insert into point (x,y) values (?,?)
Hibernate: insert into point (x,y) values (?,?)
Hibernate: insert into point (x,y) values (?,?)
Hibernate: insert into point (x,y) values (?,?)
Hibernate: insert into point (x,y) values (?,?)
Hibernate: insert into point (x,y) values (?,?)
Hibernate: insert into point (x,y) values (?,?)
Hibernate: insert into point (x,y) values (?,?)
Hibernate: insert into point (x,y) values (?,?)
Hibernate: insert into point (x,y) values (?,?)
Hibernate: insert into point (x,y) values (?,?)
Hibernate: insert into point (x,y) values (?,?)
Hibernate: insert into point (x,y) values (?,?)
Hibernate: insert into point (x,y) values (?,?)
Hibernate: insert into point (x,y) values (?,?)
Hibernate: insert into point (x,y) values (?,?)
Hibernate: insert into point (x,y) values (?,?)
Hibernate: insert into point (x,y) values (?,?)
Hibernate: insert into point (x,y) values (?,?)
Hibernate: insert into point (x,y) values (?,?)
Hibernate: insert into point (x,y) values (?,?)
Hibernate: insert into point (x,y) values (?,?)
Hibernate: insert into point (x,y) values (?,?)
Hibernate: insert into point (x,y) values (?,?)
Hibernate: insert into point (x,y) values (?,?)
Hibernate: insert into point (x,y) values (?,?)
Hibernate: insert into point (x,y) values (?,?)
Hibernate: insert into point (x,y) values (?,?)
Hibernate: insert into point (x,y) values (?,?)
Hibernate: insert into point (x,y) values (?,?)
Hibernate: insert into point (x,y) values (?,?)
Hibernate: insert into point (x,y) values (?,?)
Hibernate: insert into point (x,y) values (?,?)
Hibernate: insert into point (x,y) values (?,?)
Hibernate: insert into point (x,y) values (?,?)
Hibernate: insert into point (x,y) values (?,?)
Hibernate: insert into point (x,y) values (?,?)
Hibernate: insert into point (x,y) values (?,?)
Hibernate: insert into point (x,y) values (?,?)
Hibernate: insert into point (x,y) values (?,?)
Hibernate: insert into point (x,y) values (?,?)
Hibernate: insert into point (x,y) values (?,?)
Hibernate: insert into point (x,y) values (?,?)
Hibernate: insert into point (x,y) values (?,?)
Hibernate: insert into point (x,y) values (?,?)
Hibernate: insert into point (x,y) values (?,?)
Hibernate: insert into point (x,y) values (?,?)
Hibernate: insert into point (x,y) values (?,?)
Hibernate: insert into point (x,y) values (?,?)
Hibernate: insert into point (x,y) values (?,?)
Hibernate: insert into point (x,y) values (?,?)
Hibernate: insert into point (x,y) values (?,?)
Hibernate: insert into point (x,y) values (?,?)
Hibernate: insert into point (x,y) values (?,?)
Hibernate: insert into point (x,y) values (?,?)
Hibernate: insert into point (x,y) values (?,?)
Hibernate: insert into point (x,y) values (?,?)
Hibernate: insert into point (x,y) values (?,?)
Hibernate: insert into point (x,y) values (?,?)
Hibernate: insert into point (x,y) values (?,?)
Hibernate: insert into point (x,y) values (?,?)
Hibernate: insert into point (x,y) values (?,?)
Hibernate: insert into point (x,y) values (?,?)
Hibernate: insert into point (x,y) values (?,?)
Hibernate: insert into point (x,y) values (?,?)
Hibernate: insert into point (x,y) values (?,?)
Hibernate: insert into point (x,y) values (?,?)
Hibernate: insert into point (x,y) values (?,?)
Hibernate: insert into point (x,y) values (?,?)
Hibernate: insert into point (x,y) values (?,?)
Hibernate: insert into point (x,y) values (?,?)
Hibernate: insert into point (x,y) values (?,?)
Hibernate: insert into point (x,y) values (?,?)
Hibernate: insert into point (x,y) values (?,?)
Hibernate: insert into point (x,y) values (?,?)
Hibernate: insert into point (x,y) values (?,?)
Hibernate: insert into point (x,y) values (?,?)
Hibernate: insert into point (x,y) values (?,?)
Hibernate: insert into point (x,y) values (?,?)
Hibernate: insert into point (x,y) values (?,?)
Hibernate: insert into point (x,y) values (?,?)
Hibernate: insert into point (x,y) values (?,?)
Hibernate: insert into point (x,y) values (?,?)
Hibernate: insert into point (x,y) values (?,?)
Hibernate: insert into point (x,y) values (?,?)
Hibernate: insert into point (x,y) values (?,?)
Hibernate: insert into point (x,y) values (?,?)
Hibernate: insert into point (x,y) values (?,?)
Hibernate: insert into point (x,y) values (?,?)
Hibernate: insert into point (x,y) values (?,?)
Hibernate: insert into point (x,y) values (?,?)
Hibernate: insert into point (x,y) values (?,?)
Hibernate: insert into point (x,y) values (?,?)
Hibernate: insert into point (x,y) values (?,?)
Hibernate: insert into point (x,y) values (?,?)
Hibernate: insert into point (x,y) values (?,?)
Hibernate: insert into point (x,y) values (?,?)
Hibernate: insert into point (x,y) values (?,?)
Hibernate: insert into point (x,y) values (?,?)
Hibernate: insert into point (x,y) values (?,?)
Hibernate: insert into point (x,y) values (?,?)
Hibernate: insert into point (x,y) values (?,?)
Hibernate: insert into point (x,y) values (?,?)
Hibernate: insert into point (x,y) values (?,?)
Hibernate: insert into point (x,y) values (?,?)
Hibernate: insert into point (x,y) values (?,?)
Hibernate: insert into point (x,y) values (?,?)
Hibernate: insert into point (x,y) values (?,?)
Hibernate: insert into point (x,y) values (?,?)
Hibernate: insert into point (x,y) values (?,?)
Hibernate: insert into point (x,y) values (?,?)
Hibernate: insert into point (x,y) values (?,?)
Hibernate: insert into point (x,y) values (?,?)
Hibernate: insert into point (x,y) values (?,?)
Hibernate: insert into point (x,y) values (?,?)
Hibernate: insert into point (x,y) values (?,?)
Hibernate: insert into point (x,y) values (?,?)
Hibernate: insert into point (x,y) values (?,?)
Hibernate: insert into point (x,y) values (?,?)
Hibernate: insert into point (x,y) values (?,?)
Hibernate: insert into point (x,y) values (?,?)
Hibernate: insert into point (x,y) values (?,?)
Hibernate: insert into point (x,y) values (?,?)
Hibernate: insert into point (x,y) values (?,?)
Hibernate: insert into point (x,y) values (?,?)
Hibernate: insert into point (x,y) values (?,?)
Hibernate: insert into point (x,y) values (?,?)
Hibernate: insert into point (x,y) values (?,?)
Hibernate: insert into point (x,y) values (?,?)
Hibernate: insert into point (x,y) values (?,?)
Hibernate: insert into point (x,y) values (?,?)
Hibernate: insert into point (x,y) values (?,?)
Hibernate: insert into point (x,y) values (?,?)
Hibernate: insert into point (x,y) values (?,?)
Hibernate: insert into point (x,y) values (?,?)
Hibernate: insert into point (x,y) values (?,?)
Hibernate: insert into point (x,y) values (?,?)
Hibernate: insert into point (x,y) values (?,?)
Hibernate: insert into point (x,y) values (?,?)
Hibernate: insert into point (x,y) values (?,?)
Hibernate: insert into point (x,y) values (?,?)
Hibernate: insert into point (x,y) values (?,?)
Hibernate: insert into point (x,y) values (?,?)
Hibernate: insert into point (x,y) values (?,?)
Hibernate: insert into point (x,y) values (?,?)
Hibernate: insert into point (x,y) values (?,?)
Hibernate: insert into point (x,y) values (?,?)
Hibernate: insert into point (x,y) values (?,?)
Hibernate: insert into point (x,y) values (?,?)
Hibernate: insert into point (x,y) values (?,?)
Hibernate: insert into point (x,y) values (?,?)
Hibernate: insert into point (x,y) values (?,?)
Hibernate: insert into point (x,y) values (?,?)
Hibernate: insert into point (x,y) values (?,?)
Hibernate: insert into point (x,y) values (?,?)
Hibernate: insert into point (x,y) values (?,?)
Hibernate: insert into point (x,y) values (?,?)
Hibernate: insert into point (x,y) values (?,?)
Hibernate: insert into point (x,y) values (?,?)
Hibernate: insert into point (x,y) values (?,?)
Hibernate: insert into point (x,y) values (?,?)
Hibernate: insert into point (x,y) values (?,?)
Hibernate: insert into point (x,y) values (?,?)
Hibernate: insert into point (x,y) values (?,?)
Hibernate: insert into point (x,y) values (?,?)
Hibernate: insert into point (x,y) values (?,?)
Hibernate: insert into point (x,y) values (?,?)
Hibernate: insert into point (x,y) values (?,?)
Hibernate: insert into point (x,y) values (?,?)
Hibernate: insert into point (x,y) values (?,?)
Hibernate: insert into point (x,y) values (?,?)
Hibernate: insert into point (x,y) values (?,?)
Hibernate: insert into point (x,y) values (?,?)
Hibernate: insert into point (x,y) values (?,?)
Hibernate: insert into point (x,y) values (?,?)
Hibernate: insert into point (x,y) values (?,?)
Hibernate: insert into point (x,y) values (?,?)
Hibernate: insert into point (x,y) values (?,?)
Hibernate: insert into point (x,y) values (?,?)
Hibernate: insert into point (x,y) values (?,?)
Hibernate: insert into point (x,y) values (?,?)
Hibernate: insert into point (x,y) values (?,?)
Hibernate: insert into point (x,y) values (?,?)
Hibernate: insert into point (x,y) values (?,?)
Hibernate: insert into point (x,y) values (?,?)
Hibernate: insert into point (x,y) values (?,?)
Hibernate: insert into point (x,y) values (?,?)
Hibernate: insert into point (x,y) values (?,?)
Hibernate: insert into point (x,y) values (?,?)
Hibernate: insert into point (x,y) values (?,?)
Hibernate: insert into point (x,y) values (?,?)
Hibernate: insert into point (x,y) values (?,?)
Hibernate: insert into point (x,y) values (?,?)
Hibernate: insert into point (x,y) values (?,?)
Hibernate: insert into point (x,y) values (?,?)
Hibernate: insert into point (x,y) values (?,?)
Hibernate: insert into point (x,y) values (?,?)
Hibernate: insert into point (x,y) values (?,?)
Hibernate: insert into point (x,y) values (?,?)
Hibernate: insert into point (x,y) values (?,?)
Hibernate: insert into point (x,y) values (?,?)
Hibernate: insert into point (x,y) values (?,?)
Hibernate: insert into point (x,y) values (?,?)
Hibernate: insert into point (x,y) values (?,?)
Hibernate: insert into point (x,y) values (?,?)
Hibernate: insert into point (x,y) values (?,?)
Hibernate: insert into point (x,y) values (?,?)
Hibernate: insert into point (x,y) values (?,?)
Hibernate: insert into point (x,y) values (?,?)
Hibernate: insert into point (x,y) values (?,?)
Hibernate: insert into point (x,y) values (?,?)
Hibernate: insert into point (x,y) values (?,?)
Hibernate: insert into point (x,y) values (?,?)
Hibernate: insert into point (x,y) values (?,?)
Hibernate: insert into point (x,y) values (?,?)
Hibernate: insert into point (x,y) values (?,?)
Hibernate: insert into point (x,y) values (?,?)
Hibernate: insert into point (x,y) values (?,?)
Hibernate: insert into point (x,y) values (?,?)
Hibernate: insert into point (x,y) values (?,?)
Hibernate: insert into point (x,y) values (?,?)
Hibernate: insert into point (x,y) values (?,?)
Hibernate: insert into point (x,y) values (?,?)
Hibernate: insert into point (x,y) values (?,?)
Hibernate: insert into point (x,y) values (?,?)
Hibernate: insert into point (x,y) values (?,?)
Hibernate: insert into point (x,y) values (?,?)
Hibernate: insert into point (x,y) values (?,?)
Hibernate: insert into point (x,y) values (?,?)
Hibernate: insert into point (x,y) values (?,?)
Hibernate: insert into point (x,y) values (?,?)
Hibernate: insert into point (x,y) values (?,?)
Hibernate: insert into point (x,y) values (?,?)
Hibernate: insert into point (x,y) values (?,?)
Hibernate: insert into point (x,y) values (?,?)
Hibernate: insert into point (x,y) values (?,?)
Hibernate: insert into point (x,y) values (?,?)
Hibernate: insert into point (x,y) values (?,?)
Hibernate: insert into point (x,y) values (?,?)
Hibernate: insert into point (x,y) values (?,?)
Hibernate: insert into point (x,y) values (?,?)
Hibernate: insert into point (x,y) values (?,?)
Hibernate: insert into point (x,y) values (?,?)
Hibernate: insert into point (x,y) values (?,?)
Hibernate: insert into point (x,y) values (?,?)
Hibernate: insert into point (x,y) values (?,?)
Hibernate: insert into point (x,y) values (?,?)
Hibernate: insert into point (x,y) values (?,?)
Hibernate: insert into point (x,y) values (?,?)
Hibernate: insert into point (x,y) values (?,?)
Hibernate: insert into point (x,y) values (?,?)
Hibernate: insert into point (x,y) values (?,?)
Hibernate: insert into point (x,y) values (?,?)
Hibernate: insert into point (x,y) values (?,?)
Hibernate: insert into point (x,y) values (?,?)
Hibernate: insert into point (x,y) values (?,?)
Hibernate: insert into point (x,y) values (?,?)
Hibernate: insert into point (x,y) values (?,?)
Hibernate: insert into point (x,y) values (?,?)
Hibernate: insert into point (x,y) values (?,?)
Hibernate: insert into point (x,y) values (?,?)
Hibernate: insert into point (x,y) values (?,?)
Hibernate: insert into point (x,y) values (?,?)
Hibernate: insert into point (x,y) values (?,?)
Hibernate: insert into point (x,y) values (?,?)
Hibernate: insert into point (x,y) values (?,?)
Hibernate: insert into point (x,y) values (?,?)
Hibernate: insert into point (x,y) values (?,?)
Hibernate: insert into point (x,y) values (?,?)
Hibernate: insert into point (x,y) values (?,?)
Hibernate: insert into point (x,y) values (?,?)
Hibernate: insert into point (x,y) values (?,?)
Hibernate: insert into point (x,y) values (?,?)
Hibernate: insert into point (x,y) values (?,?)
Hibernate: insert into point (x,y) values (?,?)
Hibernate: insert into point (x,y) values (?,?)
Hibernate: insert into point (x,y) values (?,?)
Hibernate: insert into point (x,y) values (?,?)
Hibernate: insert into point (x,y) values (?,?)
Hibernate: insert into point (x,y) values (?,?)
Hibernate: insert into point (x,y) values (?,?)
Hibernate: insert into point (x,y) values (?,?)
Hibernate: insert into point (x,y) values (?,?)
Hibernate: insert into point (x,y) values (?,?)
Hibernate: insert into point (x,y) values (?,?)
Hibernate: insert into point (x,y) values (?,?)
Hibernate: insert into point (x,y) values (?,?)
Hibernate: insert into point (x,y) values (?,?)
Hibernate: insert into point (x,y) values (?,?)
Hibernate: insert into point (x,y) values (?,?)
Hibernate: insert into point (x,y) values (?,?)
Hibernate: insert into point (x,y) values (?,?)
Hibernate: insert into point (x,y) values (?,?)
Hibernate: insert into point (x,y) values (?,?)
Hibernate: insert into point (x,y) values (?,?)
Hibernate: insert into point (x,y) values (?,?)
Hibernate: insert into point (x,y) values (?,?)
Hibernate: insert into point (x,y) values (?,?)
Hibernate: insert into point (x,y) values (?,?)
Hibernate: insert into point (x,y) values (?,?)
Hibernate: insert into point (x,y) values (?,?)
Hibernate: insert into point (x,y) values (?,?)
Hibernate: insert into point (x,y) values (?,?)
Hibernate: insert into point (x,y) values (?,?)
Hibernate: insert into point (x,y) values (?,?)
Hibernate: insert into point (x,y) values (?,?)
Hibernate: insert into point (x,y) values (?,?)
Hibernate: insert into point (x,y) values (?,?)
Hibernate: insert into point (x,y) values (?,?)
Hibernate: insert into point (x,y) values (?,?)
Hibernate: insert into point (x,y) values (?,?)
Hibernate: insert into point (x,y) values (?,?)
Hibernate: insert into point (x,y) values (?,?)
Hibernate: insert into point (x,y) values (?,?)
Hibernate: insert into point (x,y) values (?,?)
Hibernate: insert into point (x,y) values (?,?)
Hibernate: insert into point (x,y) values (?,?)
Hibernate: insert into point (x,y) values (?,?)
Hibernate: insert into point (x,y) values (?,?)
Hibernate: insert into point (x,y) values (?,?)
Hibernate: insert into point (x,y) values (?,?)
Hibernate: insert into point (x,y) values (?,?)
Hibernate: insert into point (x,y) values (?,?)
Hibernate: insert into point (x,y) values (?,?)
Hibernate: insert into point (x,y) values (?,?)
Hibernate: insert into point (x,y) values (?,?)
Hibernate: insert into point (x,y) values (?,?)
Hibernate: insert into point (x,y) values (?,?)
Hibernate: insert into point (x,y) values (?,?)
Hibernate: insert into point (x,y) values (?,?)
Hibernate: insert into point (x,y) values (?,?)
Hibernate: insert into point (x,y) values (?,?)
Hibernate: insert into point (x,y) values (?,?)
Hibernate: insert into point (x,y) values (?,?)
Hibernate: insert into point (x,y) values (?,?)
Hibernate: insert into point (x,y) values (?,?)
Hibernate: insert into point (x,y) values (?,?)
Hibernate: insert into point (x,y) values (?,?)
Hibernate: insert into point (x,y) values (?,?)
Hibernate: insert into point (x,y) values (?,?)
Hibernate: insert into point (x,y) values (?,?)
Hibernate: insert into point (x,y) values (?,?)
Hibernate: insert into point (x,y) values (?,?)
Hibernate: insert into point (x,y) values (?,?)
Hibernate: insert into point (x,y) values (?,?)
Hibernate: insert into point (x,y) values (?,?)
Hibernate: insert into point (x,y) values (?,?)
Hibernate: insert into point (x,y) values (?,?)
Hibernate: insert into point (x,y) values (?,?)
Hibernate: insert into point (x,y) values (?,?)
Hibernate: insert into point (x,y) values (?,?)
Hibernate: insert into point (x,y) values (?,?)
Hibernate: insert into point (x,y) values (?,?)
Hibernate: insert into point (x,y) values (?,?)
Hibernate: insert into point (x,y) values (?,?)
]]></system-out>
    <system-err><![CDATA[feb. 21, 2024 1:38:53 PM org.hibernate.Version logVersion
INFO: HHH000412: Hibernate ORM core version 6.2.4.Final
feb. 21, 2024 1:38:53 PM org.hibernate.cfg.Environment <clinit>
INFO: HHH000406: Using bytecode reflection optimizer
feb. 21, 2024 1:38:53 PM org.hibernate.engine.jdbc.connections.internal.DriverManagerConnectionProviderImpl configure
WARN: HHH10001002: Using built-in connection pool (not intended for production use)
SLF4J: Failed to load class "org.slf4j.impl.StaticLoggerBinder".
SLF4J: Defaulting to no-operation (NOP) logger implementation
SLF4J: See http://www.slf4j.org/codes.html#StaticLoggerBinder for further details.
feb. 21, 2024 1:38:53 PM org.hibernate.engine.jdbc.connections.internal.DriverManagerConnectionProviderImpl buildCreator
INFO: HHH10001005: Loaded JDBC driver class: org.testcontainers.jdbc.ContainerDatabaseDriver
feb. 21, 2024 1:38:53 PM org.hibernate.engine.jdbc.connections.internal.DriverManagerConnectionProviderImpl buildCreator
INFO: HHH10001012: Connecting with JDBC URL [jdbc:tc:postgresql:15.3-alpine3.18:///test-db]
feb. 21, 2024 1:38:53 PM org.hibernate.engine.jdbc.connections.internal.DriverManagerConnectionProviderImpl buildCreator
INFO: HHH10001001: Connection properties: {password=****, user=postgres}
feb. 21, 2024 1:38:53 PM org.hibernate.engine.jdbc.connections.internal.DriverManagerConnectionProviderImpl buildCreator
INFO: HHH10001003: Autocommit mode: false
feb. 21, 2024 1:38:53 PM org.hibernate.engine.jdbc.connections.internal.DriverManagerConnectionProviderImpl$PooledConnections <init>
INFO: HHH10001115: Connection pool size: 20 (min=1)
SLF4J: Failed to load class "org.slf4j.impl.StaticMDCBinder".
SLF4J: Defaulting to no-operation MDCAdapter implementation.
SLF4J: See http://www.slf4j.org/codes.html#no_static_mdc_binder for further details.
feb. 21, 2024 1:39:12 PM org.hibernate.bytecode.internal.BytecodeProviderInitiator buildBytecodeProvider
INFO: HHH000021: Bytecode provider name : bytebuddy
feb. 21, 2024 1:39:12 PM org.hibernate.engine.transaction.jta.platform.internal.JtaPlatformInitiator initiateService
INFO: HHH000490: Using JtaPlatform implementation: [org.hibernate.engine.transaction.jta.platform.internal.NoJtaPlatform]
feb. 21, 2024 1:39:12 PM org.hibernate.resource.transaction.backend.jdbc.internal.DdlTransactionIsolatorNonJtaImpl getIsolatedConnection
INFO: HHH10001501: Connection obtained from JdbcConnectionAccess [org.hibernate.engine.jdbc.env.internal.JdbcEnvironmentInitiator$ConnectionProviderJdbcConnectionAccess@3f3a6091] for (non-JTA) DDL execution was not in auto-commit mode; the Connection 'local transaction' will be committed and the Connection will be set into auto-commit mode.
feb. 21, 2024 1:39:12 PM org.hibernate.engine.jdbc.spi.SqlExceptionHelper$StandardWarningHandler logWarning
WARN: SQL Warning Code: 0, SQLState: 00000
feb. 21, 2024 1:39:12 PM org.hibernate.engine.jdbc.spi.SqlExceptionHelper$StandardWarningHandler logWarning
WARN: table "point" does not exist, skipping
feb. 21, 2024 1:39:12 PM org.hibernate.resource.transaction.backend.jdbc.internal.DdlTransactionIsolatorNonJtaImpl getIsolatedConnection
INFO: HHH10001501: Connection obtained from JdbcConnectionAccess [org.hibernate.engine.jdbc.env.internal.JdbcEnvironmentInitiator$ConnectionProviderJdbcConnectionAccess@54ae1240] for (non-JTA) DDL execution was not in auto-commit mode; the Connection 'local transaction' will be committed and the Connection will be set into auto-commit mode.
]]></system-err>
  </testcase>
</testsuite>